<?xml version="1.0" encoding="UTF-8"?>
<!-- Generated by org.testng.reporters.JUnitReportReporter -->
<testsuite hostname="DESKTOP-LJM4THQ" failures="0" tests="2" name="testcases.Brand" time="15.288" errors="0" timestamp="2024-04-05T17:18:51 NPT" skipped="0">
  <testcase classname="testcases.Brand" name="brandadd" time="9.095"/>
  <system-out/>
  <testcase classname="testcases.Brand" name="brandsearch" time="6.193"/>
  <system-out/>
</testsuite> <!-- testcases.Brand -->
