<?xml version="1.0" encoding="UTF-8"?>
<!-- Generated by org.testng.reporters.JUnitReportReporter -->
<testsuite hostname="DESKTOP-LJM4THQ" failures="0" tests="3" name="testcases.Login" time="8.953" errors="0" timestamp="2024-04-05T17:18:51 NPT" skipped="0">
  <testcase classname="testcases.Login" name="Invalidlogin" time="3.440"/>
  <system-out/>
  <testcase classname="testcases.Login" name="Login" time="5.423"/>
  <system-out/>
  <testcase classname="testcases.Login" name="alerttour" time="0.090"/>
  <system-out/>
</testsuite> <!-- testcases.Login -->
