<?xml version="1.0" encoding="UTF-8"?>
<!-- Generated by org.testng.reporters.JUnitReportReporter -->
<testsuite hostname="DESKTOP-LJM4THQ" failures="0" tests="1" name="testcases.AddProducts" time="45.013" errors="0" timestamp="2024-04-05T17:18:51 NPT" skipped="0">
  <testcase classname="testcases.AddProducts" name="addProduct" time="45.013"/>
  <system-out/>
</testsuite> <!-- testcases.AddProducts -->
