<?xml version="1.0" encoding="UTF-8"?>
<!-- Generated by org.testng.reporters.JUnitReportReporter -->
<testsuite hostname="DESKTOP-LJM4THQ" failures="0" tests="2" name="testcases.Unit" time="44.712" errors="0" timestamp="2024-04-05T17:18:51 NPT" skipped="0">
  <testcase classname="testcases.Unit" name="unitadd" time="32.496"/>
  <system-out/>
  <testcase classname="testcases.Unit" name="unitsearch" time="12.216"/>
  <system-out/>
</testsuite> <!-- testcases.Unit -->
