<?xml version="1.0" encoding="UTF-8"?>
<!-- Generated by org.testng.reporters.JUnitReportReporter -->
<testsuite hostname="DESKTOP-LJM4THQ" failures="0" tests="2" name="testcases.Category" time="28.114" errors="0" timestamp="2024-04-05T17:18:51 NPT" skipped="0">
  <testcase classname="testcases.Category" name="categoryadd" time="16.894"/>
  <system-out/>
  <testcase classname="testcases.Category" name="categorysearch" time="11.220"/>
  <system-out/>
</testsuite> <!-- testcases.Category -->
